<?xml version="1.0" encoding="UTF-8"?>
<testsuite xmlns:xsi="http://www.w3.org/2001/XMLSchema-instance" xsi:noNamespaceSchemaLocation="https://maven.apache.org/surefire/maven-surefire-plugin/xsd/surefire-test-report-3.0.xsd" version="3.0" name="com.example.calidadsueno.infrastructure.ServicioEvaluacionJ48Test" time="0.043" tests="1" errors="0" skipped="0" failures="0">
  <properties>
[...]
</properties>
  <testcase name="testArbolJ48" classname="com.example.calidadsueno.infrastructure.ServicioEvaluacionJ48Test" time="0.024"/>
</testsuite>